This file contains any messages produced by compilers while
running configure, to aid debugging if configure makes a mistake.

It was created by Ruchardet configure 0.1.0, which was
generated by GNU Autoconf 2.69.  Invocation command line was

  $ ./configure 

## --------- ##
## Platform. ##
## --------- ##

hostname = gogamza-server
uname -m = x86_64
uname -r = 3.8.0-33-generic
uname -s = Linux
uname -v = #48-Ubuntu SMP Wed Oct 23 09:16:58 UTC 2013

/usr/bin/uname -p = unknown
/bin/uname -X     = unknown

/bin/arch              = unknown
/usr/bin/arch -k       = unknown
/usr/convex/getsysinfo = unknown
/usr/bin/hostinfo      = unknown
/bin/machine           = unknown
/usr/bin/oslevel       = unknown
/bin/universe          = unknown

PATH: /home/gogamza/bin
PATH: /home/gogamza/perl5/bin
PATH: /usr/local/sbin
PATH: /usr/local/bin
PATH: /usr/sbin
PATH: /usr/bin
PATH: /sbin
PATH: /bin
PATH: /usr/games
PATH: /usr/local/games
PATH: /home/gogamza/bin
PATH: /usr/lib/jvm/java-1.7.0-openjdk-amd64/jre/bin


## ----------- ##
## Core tests. ##
## ----------- ##

configure:2066: checking for gcc
configure:2082: found /usr/bin/gcc
configure:2093: result: gcc
configure:2322: checking for C compiler version
configure:2331: gcc --version >&5
gcc (Ubuntu/Linaro 4.7.3-1ubuntu1) 4.7.3
Copyright (C) 2012 Free Software Foundation, Inc.
This is free software; see the source for copying conditions.  There is NO
warranty; not even for MERCHANTABILITY or FITNESS FOR A PARTICULAR PURPOSE.

configure:2342: $? = 0
configure:2331: gcc -v >&5
Using built-in specs.
COLLECT_GCC=gcc
COLLECT_LTO_WRAPPER=/usr/lib/gcc/x86_64-linux-gnu/4.7/lto-wrapper
Target: x86_64-linux-gnu
Configured with: ../src/configure -v --with-pkgversion='Ubuntu/Linaro 4.7.3-1ubuntu1' --with-bugurl=file:///usr/share/doc/gcc-4.7/README.Bugs --enable-languages=c,c++,go,fortran,objc,obj-c++ --prefix=/usr --program-suffix=-4.7 --enable-shared --enable-linker-build-id --libexecdir=/usr/lib --without-included-gettext --enable-threads=posix --with-gxx-include-dir=/usr/include/c++/4.7 --libdir=/usr/lib --enable-nls --with-sysroot=/ --enable-clocale=gnu --enable-libstdcxx-debug --enable-libstdcxx-time=yes --enable-gnu-unique-object --enable-plugin --with-system-zlib --enable-objc-gc --with-cloog --enable-cloog-backend=ppl --disable-cloog-version-check --disable-ppl-version-check --enable-multiarch --disable-werror --with-arch-32=i686 --with-abi=m64 --with-multilib-list=m32,m64,mx32 --with-tune=generic --enable-checking=release --build=x86_64-linux-gnu --host=x86_64-linux-gnu --target=x86_64-linux-gnu
Thread model: posix
gcc version 4.7.3 (Ubuntu/Linaro 4.7.3-1ubuntu1) 
configure:2342: $? = 0
configure:2331: gcc -V >&5
gcc: error: unrecognized command line option '-V'
gcc: fatal error: no input files
compilation terminated.
configure:2342: $? = 4
configure:2331: gcc -qversion >&5
gcc: error: unrecognized command line option '-qversion'
gcc: fatal error: no input files
compilation terminated.
configure:2342: $? = 4
configure:2362: checking whether the C compiler works
configure:2384: gcc    conftest.c  >&5
configure:2388: $? = 0
configure:2436: result: yes
configure:2439: checking for C compiler default output file name
configure:2441: result: a.out
configure:2447: checking for suffix of executables
configure:2454: gcc -o conftest    conftest.c  >&5
configure:2458: $? = 0
configure:2480: result: 
configure:2502: checking whether we are cross compiling
configure:2510: gcc -o conftest    conftest.c  >&5
configure:2514: $? = 0
configure:2521: ./conftest
configure:2525: $? = 0
configure:2540: result: no
configure:2545: checking for suffix of object files
configure:2567: gcc -c   conftest.c >&5
configure:2571: $? = 0
configure:2592: result: o
configure:2596: checking whether we are using the GNU C compiler
configure:2615: gcc -c   conftest.c >&5
configure:2615: $? = 0
configure:2624: result: yes
configure:2633: checking whether gcc accepts -g
configure:2653: gcc -c -g  conftest.c >&5
configure:2653: $? = 0
configure:2694: result: yes
configure:2711: checking for gcc option to accept ISO C89
configure:2774: gcc  -c -g -O2  conftest.c >&5
configure:2774: $? = 0
configure:2787: result: none needed
configure:2810: checking for encoding_detector in -luchardet
configure:2835: gcc -o conftest -g -O2   conftest.c -luchardet   >&5
/tmp/ccxryXlW.o: In function `main':
/home/gogamza/work/Ruchardet/conftest.c:20: undefined reference to `encoding_detector'
collect2: error: ld returned 1 exit status
configure:2835: $? = 1
configure: failed program was:
| /* confdefs.h */
| #define PACKAGE_NAME "Ruchardet"
| #define PACKAGE_TARNAME "ruchardet"
| #define PACKAGE_VERSION "0.1.0"
| #define PACKAGE_STRING "Ruchardet 0.1.0"
| #define PACKAGE_BUGREPORT ""
| #define PACKAGE_URL ""
| /* end confdefs.h.  */
| 
| /* Override any GCC internal prototype to avoid an error.
|    Use char because int might match the return type of a GCC
|    builtin and then its argument prototype would still apply.  */
| #ifdef __cplusplus
| extern "C"
| #endif
| char encoding_detector ();
| int
| main ()
| {
| return encoding_detector ();
|   ;
|   return 0;
| }
configure:2844: result: no
configure:2860: checking how to run the C preprocessor
configure:2891: gcc -E  conftest.c
configure:2891: $? = 0
configure:2905: gcc -E  conftest.c
conftest.c:9:28: fatal error: ac_nonexistent.h: No such file or directory
compilation terminated.
configure:2905: $? = 1
configure: failed program was:
| /* confdefs.h */
| #define PACKAGE_NAME "Ruchardet"
| #define PACKAGE_TARNAME "ruchardet"
| #define PACKAGE_VERSION "0.1.0"
| #define PACKAGE_STRING "Ruchardet 0.1.0"
| #define PACKAGE_BUGREPORT ""
| #define PACKAGE_URL ""
| /* end confdefs.h.  */
| #include <ac_nonexistent.h>
configure:2930: result: gcc -E
configure:2950: gcc -E  conftest.c
configure:2950: $? = 0
configure:2964: gcc -E  conftest.c
conftest.c:9:28: fatal error: ac_nonexistent.h: No such file or directory
compilation terminated.
configure:2964: $? = 1
configure: failed program was:
| /* confdefs.h */
| #define PACKAGE_NAME "Ruchardet"
| #define PACKAGE_TARNAME "ruchardet"
| #define PACKAGE_VERSION "0.1.0"
| #define PACKAGE_STRING "Ruchardet 0.1.0"
| #define PACKAGE_BUGREPORT ""
| #define PACKAGE_URL ""
| /* end confdefs.h.  */
| #include <ac_nonexistent.h>
configure:2993: checking for grep that handles long lines and -e
configure:3051: result: /bin/grep
configure:3056: checking for egrep
configure:3118: result: /bin/grep -E
configure:3123: checking for ANSI C header files
configure:3143: gcc -c -g -O2  conftest.c >&5
configure:3143: $? = 0
configure:3216: gcc -o conftest -g -O2   conftest.c  >&5
configure:3216: $? = 0
configure:3216: ./conftest
configure:3216: $? = 0
configure:3227: result: yes
configure:3240: checking for sys/types.h
configure:3240: gcc -c -g -O2  conftest.c >&5
configure:3240: $? = 0
configure:3240: result: yes
configure:3240: checking for sys/stat.h
configure:3240: gcc -c -g -O2  conftest.c >&5
configure:3240: $? = 0
configure:3240: result: yes
configure:3240: checking for stdlib.h
configure:3240: gcc -c -g -O2  conftest.c >&5
configure:3240: $? = 0
configure:3240: result: yes
configure:3240: checking for string.h
configure:3240: gcc -c -g -O2  conftest.c >&5
configure:3240: $? = 0
configure:3240: result: yes
configure:3240: checking for memory.h
configure:3240: gcc -c -g -O2  conftest.c >&5
configure:3240: $? = 0
configure:3240: result: yes
configure:3240: checking for strings.h
configure:3240: gcc -c -g -O2  conftest.c >&5
configure:3240: $? = 0
configure:3240: result: yes
configure:3240: checking for inttypes.h
configure:3240: gcc -c -g -O2  conftest.c >&5
configure:3240: $? = 0
configure:3240: result: yes
configure:3240: checking for stdint.h
configure:3240: gcc -c -g -O2  conftest.c >&5
configure:3240: $? = 0
configure:3240: result: yes
configure:3240: checking for unistd.h
configure:3240: gcc -c -g -O2  conftest.c >&5
configure:3240: $? = 0
configure:3240: result: yes
configure:3252: checking uchardet/uchardet.h usability
configure:3252: gcc -c -g -O2  conftest.c >&5
configure:3252: $? = 0
configure:3252: result: yes
configure:3252: checking uchardet/uchardet.h presence
configure:3252: gcc -E  conftest.c
configure:3252: $? = 0
configure:3252: result: yes
configure:3252: checking for uchardet/uchardet.h
configure:3252: result: yes
configure:3269: checking for Rscript
configure:3285: found /usr/local/bin/Rscript
configure:3296: result: yes
configure:3475: creating ./config.status

## ---------------------- ##
## Running config.status. ##
## ---------------------- ##

This file was extended by Ruchardet config.status 0.1.0, which was
generated by GNU Autoconf 2.69.  Invocation command line was

  CONFIG_FILES    = 
  CONFIG_HEADERS  = 
  CONFIG_LINKS    = 
  CONFIG_COMMANDS = 
  $ ./config.status 

on gogamza-server

config.status:728: creating src/Makevars

## ---------------- ##
## Cache variables. ##
## ---------------- ##

ac_cv_c_compiler_gnu=yes
ac_cv_env_CC_set=
ac_cv_env_CC_value=
ac_cv_env_CFLAGS_set=
ac_cv_env_CFLAGS_value=
ac_cv_env_CPPFLAGS_set=
ac_cv_env_CPPFLAGS_value=
ac_cv_env_CPP_set=
ac_cv_env_CPP_value=
ac_cv_env_LDFLAGS_set=
ac_cv_env_LDFLAGS_value=
ac_cv_env_LIBS_set=
ac_cv_env_LIBS_value=
ac_cv_env_build_alias_set=
ac_cv_env_build_alias_value=
ac_cv_env_host_alias_set=
ac_cv_env_host_alias_value=
ac_cv_env_target_alias_set=
ac_cv_env_target_alias_value=
ac_cv_header_inttypes_h=yes
ac_cv_header_memory_h=yes
ac_cv_header_stdc=yes
ac_cv_header_stdint_h=yes
ac_cv_header_stdlib_h=yes
ac_cv_header_string_h=yes
ac_cv_header_strings_h=yes
ac_cv_header_sys_stat_h=yes
ac_cv_header_sys_types_h=yes
ac_cv_header_uchardet_uchardet_h=yes
ac_cv_header_unistd_h=yes
ac_cv_lib_uchardet_encoding_detector=no
ac_cv_objext=o
ac_cv_path_EGREP='/bin/grep -E'
ac_cv_path_GREP=/bin/grep
ac_cv_prog_CPP='gcc -E'
ac_cv_prog_RSCRIPT=yes
ac_cv_prog_ac_ct_CC=gcc
ac_cv_prog_cc_c89=
ac_cv_prog_cc_g=yes

## ----------------- ##
## Output variables. ##
## ----------------- ##

CC='gcc'
CFLAGS='-g -O2 -I/usr/local/include'
CPP='gcc -E'
CPPFLAGS=''
DEFS='-DPACKAGE_NAME=\"Ruchardet\" -DPACKAGE_TARNAME=\"ruchardet\" -DPACKAGE_VERSION=\"0.1.0\" -DPACKAGE_STRING=\"Ruchardet\ 0.1.0\" -DPACKAGE_BUGREPORT=\"\" -DPACKAGE_URL=\"\" -DSTDC_HEADERS=1 -DHAVE_SYS_TYPES_H=1 -DHAVE_SYS_STAT_H=1 -DHAVE_STDLIB_H=1 -DHAVE_STRING_H=1 -DHAVE_MEMORY_H=1 -DHAVE_STRINGS_H=1 -DHAVE_INTTYPES_H=1 -DHAVE_STDINT_H=1 -DHAVE_UNISTD_H=1'
ECHO_C=''
ECHO_N='-n'
ECHO_T=''
EGREP='/bin/grep -E'
EXEEXT=''
GREP='/bin/grep'
LDFLAGS=''
LIBOBJS=''
LIBS=' -luchardet'
LTLIBOBJS=''
OBJEXT='o'
PACKAGE_BUGREPORT=''
PACKAGE_NAME='Ruchardet'
PACKAGE_STRING='Ruchardet 0.1.0'
PACKAGE_TARNAME='ruchardet'
PACKAGE_URL=''
PACKAGE_VERSION='0.1.0'
PATH_SEPARATOR=':'
RCPP_CXXFLAGS='-I/home/gogamza/R/x86_64-unknown-linux-gnu-library/3.0/Rcpp/include'
RCPP_LDFLAGS='-L/home/gogamza/R/x86_64-unknown-linux-gnu-library/3.0/Rcpp/lib -lRcpp -Wl,-rpath,/home/gogamza/R/x86_64-unknown-linux-gnu-library/3.0/Rcpp/lib'
RSCRIPT='yes'
SHELL='/bin/bash'
UCHAR_CFLAGS=''
UCHAR_LIBS=''
ac_ct_CC='gcc'
bindir='${exec_prefix}/bin'
build_alias=''
datadir='${datarootdir}'
datarootdir='${prefix}/share'
docdir='${datarootdir}/doc/${PACKAGE_TARNAME}'
dvidir='${docdir}'
exec_prefix='${prefix}'
host_alias=''
htmldir='${docdir}'
includedir='${prefix}/include'
infodir='${datarootdir}/info'
libdir='${exec_prefix}/lib'
libexecdir='${exec_prefix}/libexec'
localedir='${datarootdir}/locale'
localstatedir='${prefix}/var'
mandir='${datarootdir}/man'
oldincludedir='/usr/include'
pdfdir='${docdir}'
prefix='/usr/local'
program_transform_name='s,x,x,'
psdir='${docdir}'
sbindir='${exec_prefix}/sbin'
sharedstatedir='${prefix}/com'
sysconfdir='${prefix}/etc'
target_alias=''

## ----------- ##
## confdefs.h. ##
## ----------- ##

/* confdefs.h */
#define PACKAGE_NAME "Ruchardet"
#define PACKAGE_TARNAME "ruchardet"
#define PACKAGE_VERSION "0.1.0"
#define PACKAGE_STRING "Ruchardet 0.1.0"
#define PACKAGE_BUGREPORT ""
#define PACKAGE_URL ""
#define STDC_HEADERS 1
#define HAVE_SYS_TYPES_H 1
#define HAVE_SYS_STAT_H 1
#define HAVE_STDLIB_H 1
#define HAVE_STRING_H 1
#define HAVE_MEMORY_H 1
#define HAVE_STRINGS_H 1
#define HAVE_INTTYPES_H 1
#define HAVE_STDINT_H 1
#define HAVE_UNISTD_H 1

configure: exit 0
